# JRE version: Java(TM) SE Runtime Environment (8.0_131-b11) (build 1.8.0_131-b11)
# Java VM: Java HotSpot(TM) 64-Bit Server VM (25.131-b11 mixed mode windows-amd64 compressed oops)
Heap:
 PSYoungGen      total 146432K, used 7338K [0x00000000ec000000, 0x00000000f9200000, 0x0000000100000000)
  eden space 134656K, 5% used [0x00000000ec000000,0x00000000ec72aa98,0x00000000f4380000)
  from space 11776K, 0% used [0x00000000f4380000,0x00000000f4380000,0x00000000f4f00000)
  to   space 11264K, 0% used [0x00000000f8700000,0x00000000f8700000,0x00000000f9200000)
 ParOldGen       total 30208K, used 16941K [0x00000000c4000000, 0x00000000c5d80000, 0x00000000ec000000)
  object space 30208K, 56% used [0x00000000c4000000,0x00000000c508b7c8,0x00000000c5d80000)
 Metaspace       used 34739K, capacity 35696K, committed 35928K, reserved 1081344K
  class space    used 4737K, capacity 4948K, committed 4952K, reserved 1048576K
GC Heap History (10 events):
Event: 56.817 GC heap before
{Heap before GC invocations=9 (full 1):
 PSYoungGen      total 66560K, used 60416K [0x00000000ec000000, 0x00000000f4300000, 0x0000000100000000)
  eden space 60416K, 100% used [0x00000000ec000000,0x00000000efb00000,0x00000000efb00000)
  from space 6144K, 0% used [0x00000000efb00000,0x00000000efb00000,0x00000000f0100000)
  to   space 6656K, 0% used [0x00000000f3c80000,0x00000000f3c80000,0x00000000f4300000)
 ParOldGen       total 30208K, used 7202K [0x00000000c4000000, 0x00000000c5d80000, 0x00000000ec000000)
  object space 30208K, 23% used [0x00000000c4000000,0x00000000c47088e8,0x00000000c5d80000)
 Metaspace       used 22725K, capacity 23312K, committed 23552K, reserved 1069056K
  class space    used 2813K, capacity 2974K, committed 3072K, reserved 1048576K
Event: 56.846 GC heap after
Heap after GC invocations=9 (full 1):
 PSYoungGen      total 105984K, used 5663K [0x00000000ec000000, 0x00000000f4280000, 0x0000000100000000)
  eden space 99840K, 0% used [0x00000000ec000000,0x00000000ec000000,0x00000000f2180000)
  from space 6144K, 92% used [0x00000000f3c80000,0x00000000f4207c30,0x00000000f4280000)
  to   space 7168K, 0% used [0x00000000f3480000,0x00000000f3480000,0x00000000f3b80000)
 ParOldGen       total 30208K, used 7274K [0x00000000c4000000, 0x00000000c5d80000, 0x00000000ec000000)
  object space 30208K, 24% used [0x00000000c4000000,0x00000000c471a8f8,0x00000000c5d80000)
 Metaspace       used 22725K, capacity 23312K, committed 23552K, reserved 1069056K
  class space    used 2813K, capacity 2974K, committed 3072K, reserved 1048576K
}
Event: 63.694 GC heap before
{Heap before GC invocations=10 (full 1):
 PSYoungGen      total 105984K, used 105503K [0x00000000ec000000, 0x00000000f4280000, 0x0000000100000000)
  eden space 99840K, 100% used [0x00000000ec000000,0x00000000f2180000,0x00000000f2180000)
  from space 6144K, 92% used [0x00000000f3c80000,0x00000000f4207c30,0x00000000f4280000)
  to   space 7168K, 0% used [0x00000000f3480000,0x00000000f3480000,0x00000000f3b80000)
 ParOldGen       total 30208K, used 7274K [0x00000000c4000000, 0x00000000c5d80000, 0x00000000ec000000)
  object space 30208K, 24% used [0x00000000c4000000,0x00000000c471a8f8,0x00000000c5d80000)
 Metaspace       used 27378K, capacity 27998K, committed 28032K, reserved 1073152K
  class space    used 3552K, capacity 3701K, committed 3712K, reserved 1048576K
Event: 63.739 GC heap after
Heap after GC invocations=10 (full 1):
 PSYoungGen      total 126464K, used 7147K [0x00000000ec000000, 0x00000000f5800000, 0x0000000100000000)
  eden space 119296K, 0% used [0x00000000ec000000,0x00000000ec000000,0x00000000f3480000)
  from space 7168K, 99% used [0x00000000f3480000,0x00000000f3b7ad40,0x00000000f3b80000)
  to   space 9216K, 0% used [0x00000000f4f00000,0x00000000f4f00000,0x00000000f5800000)
 ParOldGen       total 30208K, used 9698K [0x00000000c4000000, 0x00000000c5d80000, 0x00000000ec000000)
  object space 30208K, 32% used [0x00000000c4000000,0x00000000c49788f8,0x00000000c5d80000)
 Metaspace       used 27378K, capacity 27998K, committed 28032K, reserved 1073152K
  class space    used 3552K, capacity 3701K, committed 3712K, reserved 1048576K
}
Event: 74.792 GC heap before
{Heap before GC invocations=11 (full 1):
 PSYoungGen      total 126464K, used 126443K [0x00000000ec000000, 0x00000000f5800000, 0x0000000100000000)
  eden space 119296K, 100% used [0x00000000ec000000,0x00000000f3480000,0x00000000f3480000)
  from space 7168K, 99% used [0x00000000f3480000,0x00000000f3b7ad40,0x00000000f3b80000)
  to   space 9216K, 0% used [0x00000000f4f00000,0x00000000f4f00000,0x00000000f5800000)
 ParOldGen       total 30208K, used 9698K [0x00000000c4000000, 0x00000000c5d80000, 0x00000000ec000000)
  object space 30208K, 32% used [0x00000000c4000000,0x00000000c49788f8,0x00000000c5d80000)
 Metaspace       used 32340K, capacity 33104K, committed 33280K, reserved 1077248K
  class space    used 4385K, capacity 4556K, committed 4608K, reserved 1048576K
Event: 74.866 GC heap after
Heap after GC invocations=11 (full 1):
 PSYoungGen      total 143872K, used 9194K [0x00000000ec000000, 0x00000000f7580000, 0x0000000100000000)
  eden space 134656K, 0% used [0x00000000ec000000,0x00000000ec000000,0x00000000f4380000)
  from space 9216K, 99% used [0x00000000f4f00000,0x00000000f57fa9a8,0x00000000f5800000)
  to   space 11776K, 0% used [0x00000000f4380000,0x00000000f4380000,0x00000000f4f00000)
 ParOldGen       total 30208K, used 12690K [0x00000000c4000000, 0x00000000c5d80000, 0x00000000ec000000)
  object space 30208K, 42% used [0x00000000c4000000,0x00000000c4c64a10,0x00000000c5d80000)
 Metaspace       used 32340K, capacity 33104K, committed 33280K, reserved 1077248K
  class space    used 4385K, capacity 4556K, committed 4608K, reserved 1048576K
}
Event: 79.419 GC heap before
{Heap before GC invocations=12 (full 1):
 PSYoungGen      total 143872K, used 102865K [0x00000000ec000000, 0x00000000f7580000, 0x0000000100000000)
  eden space 134656K, 69% used [0x00000000ec000000,0x00000000f1b79c80,0x00000000f4380000)
  from space 9216K, 99% used [0x00000000f4f00000,0x00000000f57fa9a8,0x00000000f5800000)
  to   space 11776K, 0% used [0x00000000f4380000,0x00000000f4380000,0x00000000f4f00000)
 ParOldGen       total 30208K, used 12690K [0x00000000c4000000, 0x00000000c5d80000, 0x00000000ec000000)
  object space 30208K, 42% used [0x00000000c4000000,0x00000000c4c64a10,0x00000000c5d80000)
 Metaspace       used 34422K, capacity 35312K, committed 35416K, reserved 1079296K
  class space    used 4685K, capacity 4884K, committed 4952K, reserved 1048576K
Event: 79.596 GC heap after
Heap after GC invocations=12 (full 1):
 PSYoungGen      total 146432K, used 5142K [0x00000000ec000000, 0x00000000f9200000, 0x0000000100000000)
  eden space 134656K, 0% used [0x00000000ec000000,0x00000000ec000000,0x00000000f4380000)
  from space 11776K, 43% used [0x00000000f4380000,0x00000000f4885ac8,0x00000000f4f00000)
  to   space 11264K, 0% used [0x00000000f8700000,0x00000000f8700000,0x00000000f9200000)
 ParOldGen       total 30208K, used 17678K [0x00000000c4000000, 0x00000000c5d80000, 0x00000000ec000000)
  object space 30208K, 58% used [0x00000000c4000000,0x00000000c5143a60,0x00000000c5d80000)
 Metaspace       used 34422K, capacity 35312K, committed 35416K, reserved 1079296K
  class space    used 4685K, capacity 4884K, committed 4952K, reserved 1048576K
}
Event: 79.596 GC heap before
{Heap before GC invocations=13 (full 2):
 PSYoungGen      total 146432K, used 5142K [0x00000000ec000000, 0x00000000f9200000, 0x0000000100000000)
  eden space 134656K, 0% used [0x00000000ec000000,0x00000000ec000000,0x00000000f4380000)
  from space 11776K, 43% used [0x00000000f4380000,0x00000000f4885ac8,0x00000000f4f00000)
  to   space 11264K, 0% used [0x00000000f8700000,0x00000000f8700000,0x00000000f9200000)
 ParOldGen       total 30208K, used 17678K [0x00000000c4000000, 0x00000000c5d80000, 0x00000000ec000000)
  object space 30208K, 58% used [0x00000000c4000000,0x00000000c5143a60,0x00000000c5d80000)
 Metaspace       used 34422K, capacity 35312K, committed 35416K, reserved 1079296K
  class space    used 4685K, capacity 4884K, committed 4952K, reserved 1048576K
Event: 80.044 GC heap after
Heap after GC invocations=13 (full 2):
 PSYoungGen      total 146432K, used 0K [0x00000000ec000000, 0x00000000f9200000, 0x0000000100000000)
  eden space 134656K, 0% used [0x00000000ec000000,0x00000000ec000000,0x00000000f4380000)
  from space 11776K, 0% used [0x00000000f4380000,0x00000000f4380000,0x00000000f4f00000)
  to   space 11264K, 0% used [0x00000000f8700000,0x00000000f8700000,0x00000000f9200000)
 ParOldGen       total 30208K, used 16941K [0x00000000c4000000, 0x00000000c5d80000, 0x00000000ec000000)
  object space 30208K, 56% used [0x00000000c4000000,0x00000000c508b7c8,0x00000000c5d80000)
 Metaspace       used 34422K, capacity 35312K, committed 35416K, reserved 1079296K
  class space    used 4685K, capacity 4884K, committed 4952K, reserved 1048576K
}

