# JRE version: Java(TM) SE Runtime Environment (8.0_131-b11) (build 1.8.0_131-b11)
# Java VM: Java HotSpot(TM) 64-Bit Server VM (25.131-b11 mixed mode windows-amd64 compressed oops)
Heap:
 PSYoungGen      total 17920K, used 14115K [0x00000000ec000000, 0x00000000ed400000, 0x0000000100000000)
  eden space 15360K, 75% used [0x00000000ec000000,0x00000000ecb4cd78,0x00000000ecf00000)
  from space 2560K, 99% used [0x00000000ecf00000,0x00000000ed17c0b0,0x00000000ed180000)
  to   space 2560K, 0% used [0x00000000ed180000,0x00000000ed180000,0x00000000ed400000)
 ParOldGen       total 40960K, used 841K [0x00000000c4000000, 0x00000000c6800000, 0x00000000ec000000)
  object space 40960K, 2% used [0x00000000c4000000,0x00000000c40d2470,0x00000000c6800000)
 Metaspace       used 10219K, capacity 10426K, committed 10624K, reserved 1058816K
  class space    used 1234K, capacity 1309K, committed 1408K, reserved 1048576K
GC Heap History (6 events):
Event: 21.235 GC heap before
{Heap before GC invocations=1 (full 0):
 PSYoungGen      total 17920K, used 15360K [0x00000000ec000000, 0x00000000ed400000, 0x0000000100000000)
  eden space 15360K, 100% used [0x00000000ec000000,0x00000000ecf00000,0x00000000ecf00000)
  from space 2560K, 0% used [0x00000000ed180000,0x00000000ed180000,0x00000000ed400000)
  to   space 2560K, 0% used [0x00000000ecf00000,0x00000000ecf00000,0x00000000ed180000)
 ParOldGen       total 40960K, used 0K [0x00000000c4000000, 0x00000000c6800000, 0x00000000ec000000)
  object space 40960K, 0% used [0x00000000c4000000,0x00000000c4000000,0x00000000c6800000)
 Metaspace       used 5426K, capacity 5482K, committed 5632K, reserved 1056768K
  class space    used 646K, capacity 658K, committed 768K, reserved 1048576K
Event: 21.245 GC heap after
Heap after GC invocations=1 (full 0):
 PSYoungGen      total 17920K, used 2084K [0x00000000ec000000, 0x00000000ed400000, 0x0000000100000000)
  eden space 15360K, 0% used [0x00000000ec000000,0x00000000ec000000,0x00000000ecf00000)
  from space 2560K, 81% used [0x00000000ecf00000,0x00000000ed109120,0x00000000ed180000)
  to   space 2560K, 0% used [0x00000000ed180000,0x00000000ed180000,0x00000000ed400000)
 ParOldGen       total 40960K, used 8K [0x00000000c4000000, 0x00000000c6800000, 0x00000000ec000000)
  object space 40960K, 0% used [0x00000000c4000000,0x00000000c4002000,0x00000000c6800000)
 Metaspace       used 5426K, capacity 5482K, committed 5632K, reserved 1056768K
  class space    used 646K, capacity 658K, committed 768K, reserved 1048576K
}
Event: 22.567 GC heap before
{Heap before GC invocations=2 (full 0):
 PSYoungGen      total 17920K, used 17444K [0x00000000ec000000, 0x00000000ed400000, 0x0000000100000000)
  eden space 15360K, 100% used [0x00000000ec000000,0x00000000ecf00000,0x00000000ecf00000)
  from space 2560K, 81% used [0x00000000ecf00000,0x00000000ed109120,0x00000000ed180000)
  to   space 2560K, 0% used [0x00000000ed180000,0x00000000ed180000,0x00000000ed400000)
 ParOldGen       total 40960K, used 8K [0x00000000c4000000, 0x00000000c6800000, 0x00000000ec000000)
  object space 40960K, 0% used [0x00000000c4000000,0x00000000c4002000,0x00000000c6800000)
 Metaspace       used 7884K, capacity 8024K, committed 8192K, reserved 1056768K
  class space    used 951K, capacity 994K, committed 1024K, reserved 1048576K
Event: 22.593 GC heap after
Heap after GC invocations=2 (full 0):
 PSYoungGen      total 17920K, used 2542K [0x00000000ec000000, 0x00000000ed400000, 0x0000000100000000)
  eden space 15360K, 0% used [0x00000000ec000000,0x00000000ec000000,0x00000000ecf00000)
  from space 2560K, 99% used [0x00000000ed180000,0x00000000ed3fbb80,0x00000000ed400000)
  to   space 2560K, 0% used [0x00000000ecf00000,0x00000000ecf00000,0x00000000ed180000)
 ParOldGen       total 40960K, used 150K [0x00000000c4000000, 0x00000000c6800000, 0x00000000ec000000)
  object space 40960K, 0% used [0x00000000c4000000,0x00000000c4025ac0,0x00000000c6800000)
 Metaspace       used 7884K, capacity 8024K, committed 8192K, reserved 1056768K
  class space    used 951K, capacity 994K, committed 1024K, reserved 1048576K
}
Event: 23.509 GC heap before
{Heap before GC invocations=3 (full 0):
 PSYoungGen      total 17920K, used 17875K [0x00000000ec000000, 0x00000000ed400000, 0x0000000100000000)
  eden space 15360K, 99% used [0x00000000ec000000,0x00000000ecef93f0,0x00000000ecf00000)
  from space 2560K, 99% used [0x00000000ed180000,0x00000000ed3fbb80,0x00000000ed400000)
  to   space 2560K, 0% used [0x00000000ecf00000,0x00000000ecf00000,0x00000000ed180000)
 ParOldGen       total 40960K, used 150K [0x00000000c4000000, 0x00000000c6800000, 0x00000000ec000000)
  object space 40960K, 0% used [0x00000000c4000000,0x00000000c4025ac0,0x00000000c6800000)
 Metaspace       used 9023K, capacity 9228K, committed 9472K, reserved 1056768K
  class space    used 1095K, capacity 1172K, committed 1280K, reserved 1048576K
Event: 23.520 GC heap after
Heap after GC invocations=3 (full 0):
 PSYoungGen      total 17920K, used 2544K [0x00000000ec000000, 0x00000000ed400000, 0x0000000100000000)
  eden space 15360K, 0% used [0x00000000ec000000,0x00000000ec000000,0x00000000ecf00000)
  from space 2560K, 99% used [0x00000000ecf00000,0x00000000ed17c0b0,0x00000000ed180000)
  to   space 2560K, 0% used [0x00000000ed180000,0x00000000ed180000,0x00000000ed400000)
 ParOldGen       total 40960K, used 841K [0x00000000c4000000, 0x00000000c6800000, 0x00000000ec000000)
  object space 40960K, 2% used [0x00000000c4000000,0x00000000c40d2470,0x00000000c6800000)
 Metaspace       used 9023K, capacity 9228K, committed 9472K, reserved 1056768K
  class space    used 1095K, capacity 1172K, committed 1280K, reserved 1048576K
}

